<?xml version="1.0" encoding="UTF-8"?>
<!-- Generated by org.testng.reporters.JUnitXMLReporter -->
<testsuite ignored="0" hostname="INSUPLTQAPT" failures="0" tests="2" name="Validate Annotations Copy" time="0.005" errors="0" timestamp="2025-03-27T00:23:21 IST">
  <testcase classname="copytestngframework.Test_Case_1_Annotations" name="doSignUp" time="0.001"/>
  <testcase classname="copytestngframework.Test_Case_1_Annotations" name="doLogin" time="0.0"/>
</testsuite> <!-- Validate Annotations Copy -->
