<?xml version="1.0" encoding="UTF-8"?>
<!-- Generated by org.testng.reporters.JUnitXMLReporter -->
<testsuite ignored="0" hostname="INSUPLTQAPT" failures="1" tests="1" name="BankManagerLogin" time="0.216" errors="0" timestamp="2024-10-13T17:04:46 IST">
  <testcase classname="testcases.BankManagerLogin" name="loginAsBankManager" time="0.172">
    <failure type="java.lang.AssertionError" message="Failing login test focefully">
      <![CDATA[java.lang.AssertionError: Failing login test focefully
at testcases.BankManagerLogin.loginAsBankManager(BankManagerLogin.java:19)
at java.base/java.util.ArrayList.forEach(ArrayList.java:1596)
... Removed 26 stack frames]]>
    </failure>
  </testcase> <!-- loginAsBankManager -->
</testsuite> <!-- BankManagerLogin -->
