<?xml version="1.0" encoding="UTF-8"?>
<testng-results ignored="0" total="1" passed="1" failed="0" skipped="0">
  <reporter-output>
  </reporter-output>
  <suite started-at="2024-10-09T23:30:45 IST" name="Default suite" finished-at="2024-10-09T23:31:10 IST" duration-ms="24839">
    <groups>
    </groups>
    <test started-at="2024-10-09T23:30:45 IST" name="Default test" finished-at="2024-10-09T23:31:10 IST" duration-ms="24839">
      <class name="assignments.AmazonSearch">
        <test-method signature="searchProduct()[pri:0, instance:assignments.AmazonSearch@4c12331b]" started-at="2024-10-09T23:30:45 IST" name="searchProduct" finished-at="2024-10-09T23:31:10 IST" duration-ms="24810" status="PASS">
          <reporter-output>
          </reporter-output>
        </test-method> <!-- searchProduct -->
      </class> <!-- assignments.AmazonSearch -->
    </test> <!-- Default test -->
  </suite> <!-- Default suite -->
</testng-results>
