<?xml version="1.0" encoding="UTF-8"?>
<testsuite xmlns:xsi="http://www.w3.org/2001/XMLSchema-instance" xsi:noNamespaceSchemaLocation="https://maven.apache.org/surefire/maven-surefire-plugin/xsd/surefire-test-report-3.0.xsd" version="3.0" name="TestSuite" time="13.049" tests="8" errors="0" skipped="0" failures="0">
  <properties>
[...]
</properties>
  <testcase name="bankManagerLogin" classname="testcases.BankManagerLoginTest" time="0.217">
    <system-err><![CDATA[SLF4J(W): No SLF4J providers were found.
SLF4J(W): Defaulting to no-operation (NOP) logger implementation
SLF4J(W): See https://www.slf4j.org/codes.html#noProviders for further details.
log4j:WARN No appenders could be found for logger (devpinoyLogger).
log4j:WARN Please initialize the log4j system properly.
log4j:WARN See http://logging.apache.org/log4j/1.2/faq.html#noconfig for more info.
Nov 18, 2024 10:56:51 AM org.openqa.selenium.devtools.CdpVersionFinder findNearestMatch
WARNING: Unable to find CDP implementation matching 130
Nov 18, 2024 10:56:51 AM org.openqa.selenium.chromium.ChromiumDriver lambda$new$5
WARNING: Unable to find version of CDP to use for 130.0.6723.117. You may need to include a dependency on a specific version of the CDP using something similar to `org.seleniumhq.selenium:selenium-devtools-v86:4.20.0` where the version ("v86") matches the version of the chromium-based browser you're using and the version number of the artifact is the same as Selenium's.
]]></system-err>
  </testcase>
  <testcase name="addCustomer[Vaibhav, Patil, 421302.0, Customer added successfully](1)" classname="testcases.AddCustomerTest" time="0.589"/>
  <testcase name="addCustomer[Shweta, Patil, 421302.0, Customer added successfully](2)" classname="testcases.AddCustomerTest" time="0.675"/>
  <testcase name="addCustomer[Savita, Patil, 421302.0, Customer added successfully](3)" classname="testcases.AddCustomerTest" time="0.362"/>
  <testcase name="addCustomer[Lovekesh, Patil, 421302.0, Customer added successfully](4)" classname="testcases.AddCustomerTest" time="0.427"/>
  <testcase name="addCustomer[Pooja, Patil, 421302.0, Customer added successfully](5)" classname="testcases.AddCustomerTest" time="0.376"/>
  <testcase name="openAccount[Vaibhav Patil, Rupee](1)" classname="testcases.OpenAccountTest" time="0.563"/>
  <testcase name="customerLogin[Vaibhav Patil](1)" classname="testcases.CustomerLoginTest" time="0.668"/>
</testsuite>