<?xml version="1.0" encoding="UTF-8"?>
<!-- Generated by org.testng.reporters.JUnitXMLReporter -->
<testsuite ignored="0" hostname="INSUPLTQAPT" failures="0" tests="2" name="Default test" time="1.076" errors="0" timestamp="2025-07-08T12:55:12 IST">
  <testcase classname="parallelexecution.ParallelExecutionThroughDataProvider" name="testBrowserName" time="1.033"/>
  <testcase classname="parallelexecution.ParallelExecutionThroughDataProvider" name="testBrowserName" time="1.033"/>
</testsuite> <!-- Default test -->
