<?xml version="1.0" encoding="UTF-8"?>
<!-- Generated by org.testng.reporters.JUnitXMLReporter -->
<testsuite ignored="0" hostname="INSUPLTQAPT" failures="0" tests="2" name="Validate Annotations" time="0.034" errors="0" timestamp="2025-03-27T00:23:21 IST">
  <testcase classname="testngframeworkbasics.Test_Case_1_Annotations" name="doSignUp" time="0.009"/>
  <testcase classname="testngframeworkbasics.Test_Case_1_Annotations" name="doLogin" time="0.001"/>
</testsuite> <!-- Validate Annotations -->
