<?xml version="1.0" encoding="UTF-8"?>
<!-- Generated by org.testng.reporters.JUnitXMLReporter -->
<testsuite ignored="0" hostname="INSUPLTQAPT" failures="1" tests="4" name="TestDependencies" time="0.015" errors="0" timestamp="2024-07-16T23:56:43 IST">
  <testcase classname="testngframework.Test_Case_4_TestDependencies" name="turnOnDB" time="0.001"/>
  <testcase classname="testngframework.Test_Case_4_TestDependencies" name="doSignUp" time="0.001">
    <failure type="java.lang.AssertionError" message="User registration unsuccessful">
      <![CDATA[java.lang.AssertionError: User registration unsuccessful
at testngframework.Test_Case_4_TestDependencies.doSignUp(Test_Case_4_TestDependencies.java:19)
at java.base/java.util.ArrayList.forEach(ArrayList.java:1596)
... Removed 26 stack frames]]>
    </failure>
  </testcase> <!-- doSignUp -->
  <testcase classname="testngframework.Test_Case_4_TestDependencies" name="doLogin" time="0.0">
    <skipped/>
  </testcase> <!-- doLogin -->
  <testcase classname="testngframework.Test_Case_4_TestDependencies" name="turnOffDB" time="0.001"/>
</testsuite> <!-- TestDependencies -->
