<?xml version="1.0" encoding="UTF-8"?>
<!-- Generated by org.testng.reporters.JUnitXMLReporter -->
<testsuite ignored="0" hostname="INSUPLTQAPT" failures="1" tests="4" name="Validate TestDependencies" time="0.015" errors="0" timestamp="2025-03-27T00:23:21 IST">
  <testcase classname="testngframeworkbasics.Test_Case_4_TestDependencies" name="turnOnDB" time="0.002"/>
  <testcase classname="testngframeworkbasics.Test_Case_4_TestDependencies" name="doSignUp" time="0.0">
    <failure type="java.lang.AssertionError" message="User registration unsuccessful">
      <![CDATA[java.lang.AssertionError: User registration unsuccessful
at testngframeworkbasics.Test_Case_4_TestDependencies.doSignUp(Test_Case_4_TestDependencies.java:19)
at java.base/java.util.ArrayList.forEach(ArrayList.java:1596)
... Removed 27 stack frames]]>
    </failure>
  </testcase> <!-- doSignUp -->
  <testcase classname="testngframeworkbasics.Test_Case_4_TestDependencies" name="doLogin" time="0.0">
    <skipped/>
  </testcase> <!-- doLogin -->
  <testcase classname="testngframeworkbasics.Test_Case_4_TestDependencies" name="turnOffDB" time="0.001"/>
</testsuite> <!-- Validate TestDependencies -->
