<?xml version="1.0" encoding="UTF-8"?>
<!-- Generated by org.testng.reporters.JUnitXMLReporter -->
<testsuite ignored="0" hostname="INSUPLTQAPT" failures="0" tests="5" name="AddCustomerTest" time="2.455" errors="0" timestamp="2024-11-18T10:56:56 IST">
  <testcase classname="testcases.AddCustomerTest" name="addCustomer" time="0.588"/>
  <testcase classname="testcases.AddCustomerTest" name="addCustomer" time="0.674"/>
  <testcase classname="testcases.AddCustomerTest" name="addCustomer" time="0.361"/>
  <testcase classname="testcases.AddCustomerTest" name="addCustomer" time="0.424"/>
  <testcase classname="testcases.AddCustomerTest" name="addCustomer" time="0.37"/>
</testsuite> <!-- AddCustomerTest -->
